Arguments: 
  /usr/local/bin/node /usr/share/yarn/bin/yarn.js add eslinlt -D

PATH: 
  /home/felipe/.yarn/bin:/home/felipe/.zinit/polaris/sbin:/home/felipe/.zinit/polaris/bin:/home/felipe/.zinit/polaris/usr/sbin:/home/felipe/.zinit/polaris/usr/bin:/home/felipe/.yarn/bin:/home/felipe/.local/bin:/usr/local/sbin:/usr/local/bin:/usr/sbin:/usr/bin:/sbin:/bin:/usr/games:/usr/local/games:/snap/bin:/home/felipe/bin:/usr/lib/jvm/jdk1.8.0/bin:~=/home/felipe/Android/Sdk/emulator:~=/home/felipe/Android/Sdk/tools:~=/home/felipe/Android/Sdk/tools/bin:~=/home/felipe/Android/Sdk/platform-tools:~=/home/felipe/Android/Sdk/emulator:~=/home/felipe/Android/Sdk/tools:~=/home/felipe/Android/Sdk/tools/bin:~=/home/felipe/Android/Sdk/platform-tools

Yarn version: 
  1.22.4

Node version: 
  14.4.0

Platform: 
  linux x64

Trace: 
  Error: https://registry.yarnpkg.com/eslinlt: Not found
      at Request.params.callback [as _callback] (/usr/share/yarn/lib/cli.js:66987:18)
      at Request.self.callback (/usr/share/yarn/lib/cli.js:140748:22)
      at Request.emit (events.js:315:20)
      at Request.<anonymous> (/usr/share/yarn/lib/cli.js:141720:10)
      at Request.emit (events.js:315:20)
      at IncomingMessage.<anonymous> (/usr/share/yarn/lib/cli.js:141642:12)
      at Object.onceWrapper (events.js:421:28)
      at IncomingMessage.emit (events.js:327:22)
      at endReadableNT (_stream_readable.js:1224:12)
      at processTicksAndRejections (internal/process/task_queues.js:84:21)

npm manifest: 
  {
    "name": "modulo02",
    "version": "1.0.0",
    "main": "index.js",
    "license": "MIT",
    "scripts": {
      "dev": "nodemon src/server.js",
      "dev:debug":"nodemon --inspect src/server.js"
    },
    "dependencies": {
      "express": "^4.17.1"
    },
    "devDependencies": {
      "nodemon": "^2.0.4",
      "sucrase": "^3.15.0"
    }
  }

yarn manifest: 
  No manifest

Lockfile: 
  No lockfile
